FILE: .\boot.asm                        (0001) ;  Generated by PSoC Designer 5.4.2946
                                        (0002) ;
                                        (0003) ;@Id: boot.tpl#903 @
                                        (0004) ;=============================================================================
                                        (0005) ;  FILENAME:   boot.asm
                                        (0006) ;  Version:    4.30
                                        (0007) ;
                                        (0008) ;  DESCRIPTION:
                                        (0009) ;  M8C Boot Code for CY8C27xxx microcontroller family.
                                        (0010) ;
                                        (0011) ;  Copyright (c) Cypress Semiconductor 2013. All Rights Reserved.
                                        (0012) ;
                                        (0013) ; NOTES:
                                        (0014) ; PSoC Designer's Device Editor uses a template file, BOOT.TPL, located in
                                        (0015) ; the project's root directory to create BOOT.ASM. Any changes made to
                                        (0016) ; BOOT.ASM will be  overwritten every time the project is generated; therefore
                                        (0017) ; changes should be made to BOOT.TPL not BOOT.ASM. Care must be taken when
                                        (0018) ; modifying BOOT.TPL so that replacement strings (such as @PROJECT_NAME)
                                        (0019) ; are not accidentally modified.
                                        (0020) ;
                                        (0021) ;=============================================================================
                                        (0022) 
                                        (0023) include ".\lib\GlobalParams.inc"	;File generated by PSoC Designer (Project dependent)
                                        (0024) include "m8c.inc"			;Part specific file
                                        (0025) include "m8ssc.inc"			;Part specific file
                                        (0026) include "memory.inc"			;File generated by PSoC Designer (Project dependent)
                                        (0027) 
                                        (0028) ;--------------------------------------
                                        (0029) ; Export Declarations
                                        (0030) ;--------------------------------------
                                        (0031) 
                                        (0032) export __Start
                                        (0033) IF	(TOOLCHAIN & HITECH)
                                        (0034) ELSE
                                        (0035) export __bss_start
                                        (0036) export __data_start
                                        (0037) export __idata_start
                                        (0038) export __func_lit_start
                                        (0039) export __text_start
                                        (0040) ENDIF
                                        (0041) export  _bGetPowerSetting
                                        (0042) export   bGetPowerSetting
                                        (0043) 
                                        (0044) 
                                        (0045) ;--------------------------------------
                                        (0046) ; Optimization flags
                                        (0047) ;--------------------------------------
                                        (0048) ;
                                        (0049) ; To change the value of these flags, modify the file boot.tpl, not
                                        (0050) ; boot.asm. See the notes in the banner comment at the beginning of
                                        (0051) ; this file.
                                        (0052) 
                                        (0053) ; Optimization for Assembly language (only) projects and C-language projects
                                        (0054) ; that do not depend on the C compiler to initialize the values of RAM variables.
                                        (0055) ;   Set to 1: Support for C Run-time Environment initialization
                                        (0056) ;   Set to 0: Support for C not included. Faster start up, smaller code space.
                                        (0057) ;
                                        (0058) IF	(TOOLCHAIN & HITECH)
                                        (0059) ; The C compiler will customize the startup code - it's not required here
                                        (0060) 
                                        (0061) C_LANGUAGE_SUPPORT:              equ 0
                                        (0062) ELSE
                                        (0063) C_LANGUAGE_SUPPORT:              equ 1
                                        (0064) ENDIF
                                        (0065) 
                                        (0066) 
                                        (0067) ; The following equate is required for proper operation. Reseting its value
                                        (0068) ; is discouraged.  WAIT_FOR_32K is effective only if the crystal oscillator is
                                        (0069) ; selected.  If the designer chooses to not wait then stabilization of the ECO
                                        (0070) ; and PLL_Lock must take place within user code. See the family data sheet for
                                        (0071) ; the requirements of starting the ECO and PLL lock mode.
                                        (0072) ;
                                        (0073) ;   Set to 1: Wait for XTAL (& PLL if selected) to stabilize before
                                        (0074) ;                invoking main
                                        (0075) ;   Set to 0: Boot code does not wait; clock may not have stabilized by
                                        (0076) ;               the time code in main starts executing.
                                        (0077) ;
                                        (0078) WAIT_FOR_32K:                    equ 1
                                        (0079) 
                                        (0080) 
                                        (0081) ; For historical reasons, by default the boot code uses an lcall instruction
                                        (0082) ; to invoke the user's _main code. If _main executes a return instruction,
                                        (0083) ; boot provides an infinite loop. By changing the following equate from zero
                                        (0084) ; to 1, boot's lcall will be replaced by a ljmp instruction, saving two
                                        (0085) ; bytes on the stack which are otherwise required for the return address. If
                                        (0086) ; this option is enabled, _main must not return. (Beginning with the 4.2
                                        (0087) ; release, the C compiler automatically places an infinite loop at the end
                                        (0088) ; of main, rather than a return instruction.)
                                        (0089) ;
                                        (0090) ENABLE_LJMP_TO_MAIN:             equ 0
                                        (0091) 
                                        (0092) 
                                        (0093) ;-----------------------------------------------------------------------------
                                        (0094) ; Interrupt Vector Table
                                        (0095) ;-----------------------------------------------------------------------------
                                        (0096) ;
                                        (0097) ; Interrupt vector table entries are 4 bytes long.  Each one contains
                                        (0098) ; a jump instruction to an ISR (Interrupt Service Routine), although
                                        (0099) ; very short ISRs could be encoded within the table itself. Normally,
                                        (0100) ; vector jump targets are modified automatically according to the user
                                        (0101) ; modules selected. This occurs when the 'Generate Application' opera-
                                        (0102) ; tion is run causing PSoC Designer to create boot.asm and the other
                                        (0103) ; configuration files. If you need to hard code a vector, update the
                                        (0104) ; file boot.tpl, not boot.asm. See the banner comment at the beginning
                                        (0105) ; of this file.
                                        (0106) ;-----------------------------------------------------------------------------
                                        (0107) 
                                        (0108)     AREA TOP (ROM, ABS, CON)
                                        (0109) 
                                        (0110)     org   0                        ;Reset Interrupt Vector
                                        (0111) IF	(TOOLCHAIN & HITECH)
                                        (0112) ;   jmp   __Start                  ;C compiler fills in this vector
                                        (0113) ELSE
0000: 80 67    JMP   0x0068             (0114)     jmp   __Start                  ;First instruction executed following a Reset
                                        (0115) ENDIF
                                        (0116)     ;@PSoC_BOOT_ISR_UserCode_START@
                                        (0117)     ;---------------------------------------------------
                                        (0118)     ; Insert your custom code below this banner
                                        (0119)     ;---------------------------------------------------
                                        (0120) 
                                        (0121)     org   04h                      ;Low Voltage Detect (LVD) Interrupt Vector
0004: 30       HALT                     (0122)     halt                           ;Stop execution if power falls too low
                                        (0123) 
                                        (0124)     org   08h                      ;Analog Column 0 Interrupt Vector
                                        (0125)     // call	void_handler
0008: 7E       RETI                     (0126)     reti
                                        (0127) 
                                        (0128)     org   0Ch                      ;Analog Column 1 Interrupt Vector
                                        (0129)     // call	void_handler
000C: 7E       RETI                     (0130)     reti
                                        (0131) 
                                        (0132)     org   10h                      ;Analog Column 2 Interrupt Vector
                                        (0133)     // call	void_handler
0010: 7E       RETI                     (0134)     reti
                                        (0135) 
                                        (0136)     org   14h                      ;Analog Column 3 Interrupt Vector
                                        (0137)     // call	void_handler
0014: 7E       RETI                     (0138)     reti
                                        (0139) 
                                        (0140)     org   18h                      ;VC3 Interrupt Vector
                                        (0141)     // call	void_handler
0018: 7E       RETI                     (0142)     reti
                                        (0143) 
                                        (0144)     org   1Ch                      ;GPIO Interrupt Vector
                                        (0145)     // call	void_handler
001C: 7E       RETI                     (0146)     reti
                                        (0147) 
                                        (0148)     org   20h                      ;PSoC Block DBB00 Interrupt Vector
                                        (0149)     // call	void_handler
0020: 7E       RETI                     (0150)     reti
                                        (0151) 
                                        (0152)     org   24h                      ;PSoC Block DBB01 Interrupt Vector
                                        (0153)     // call	void_handler
0024: 7E       RETI                     (0154)     reti
                                        (0155) 
                                        (0156)     org   28h                      ;PSoC Block DCB02 Interrupt Vector
                                        (0157)     // call	void_handler
0028: 7E       RETI                     (0158)     reti
                                        (0159) 
                                        (0160)     org   2Ch                      ;PSoC Block DCB03 Interrupt Vector
                                        (0161)     // call	void_handler
002C: 7E       RETI                     (0162)     reti
                                        (0163) 
                                        (0164)     org   30h                      ;PSoC Block DBB10 Interrupt Vector
                                        (0165)     // call	void_handler
0030: 7E       RETI                     (0166)     reti
                                        (0167) 
                                        (0168)     org   34h                      ;PSoC Block DBB11 Interrupt Vector
                                        (0169)     // call	void_handler
0034: 7E       RETI                     (0170)     reti
                                        (0171) 
                                        (0172)     org   38h                      ;PSoC Block DCB12 Interrupt Vector
                                        (0173)     // call	void_handler
0038: 7E       RETI                     (0174)     reti
                                        (0175) 
                                        (0176)     org   3Ch                      ;PSoC Block DCB13 Interrupt Vector
                                        (0177)     // call	void_handler
003C: 7E       RETI                     (0178)     reti
                                        (0179) 
                                        (0180)     org   60h                      ;PSoC I2C Interrupt Vector
                                        (0181)     // call	void_handler
0060: 7E       RETI                     (0182)     reti
                                        (0183) 
                                        (0184)     org   64h                      ;Sleep Timer Interrupt Vector
                                        (0185)     // call	void_handler
0064: 7E       RETI                     (0186)     reti
0068: 71 10    OR    F,0x10             
                                        (0187)     ;---------------------------------------------------
                                        (0188)     ; Insert your custom code above this banner
                                        (0189)     ;---------------------------------------------------
                                        (0190)     ;@PSoC_BOOT_ISR_UserCode_END@
                                        (0191) 
                                        (0192) ;-----------------------------------------------------------------------------
                                        (0193) ;  Start of Execution.
                                        (0194) ;-----------------------------------------------------------------------------
                                        (0195) ;  The Supervisory ROM SWBootReset function has already completed the
                                        (0196) ;  calibrate1 process, loading trim values for 5 volt operation.
                                        (0197) ;
                                        (0198) 
                                        (0199) IF	(TOOLCHAIN & HITECH)
                                        (0200)  	AREA PD_startup(CODE, REL, CON)
                                        (0201) ELSE
                                        (0202)     org 68h
                                        (0203) ENDIF
                                        (0204) __Start:
                                        (0205) 
                                        (0206)     ; initialize SMP values for voltage stabilization, if required,
                                        (0207)     ; leaving power-on reset (POR) level at the default (low) level, at
                                        (0208)     ; least for now. 
                                        (0209)     ;
                                        (0210)     M8C_SetBank1
006A: 62 E3 87 MOV   REG[0xE3],0x87     (0211)     mov   reg[VLT_CR], SWITCH_MODE_PUMP_JUST | LVD_TBEN_JUST | TRIP_VOLTAGE_JUST
006D: 70 EF    AND   F,0xEF             
006F: 62 E3 38 MOV   REG[0xE3],0x38     
                                        (0212)     M8C_SetBank0
                                        (0213) 
                                        (0214) M8C_ClearWDTAndSleep			   ; Clear WDT before enabling it.
                                        (0215) IF ( WATCHDOG_ENABLE )             ; WDT selected in Global Params
                                        (0216)     M8C_EnableWatchDog
                                        (0217) ENDIF
                                        (0218) 
                                        (0219) IF ( SELECT_32K )
                                        (0220)     or   reg[CPU_SCR1],  CPU_SCR1_ECO_ALLOWED  ; ECO will be used in this project
                                        (0221) ELSE
0072: 41 FE FB AND   REG[0xFE],0xFB     (0222)     and  reg[CPU_SCR1], ~CPU_SCR1_ECO_ALLOWED  ; Prevent ECO from being enabled
                                        (0223) ENDIF
                                        (0224) 
                                        (0225) IF	(TOOLCHAIN & HITECH) 
                                        (0226)     ;---------------------------
                                        (0227)     ; Set up the Temporary stack
                                        (0228)     ;---------------------------
                                        (0229)     ; A temporary stack is set up for the SSC instructions.
                                        (0230)     ; The real stack start will be assigned later.
                                        (0231)     ;
                                        (0232) 	global		__Lstackps
                                        (0233) 	mov     a,low __Lstackps
                                        (0234) 	swap    a,sp
                                        (0235) ELSE
                                        (0236)     ;------------------
                                        (0237)     ; Set up the stack
                                        (0238)     ;------------------
0075: 50 13    MOV   A,0x13             (0239)     mov   A, __ramareas_end        ; Set top of stack to end of used RAM
0077: 4E       SWAP  SP,A               (0240)     swap  SP, A                    ; This is only temporary if going to LMM
0078: 62 E3 38 MOV   REG[0xE3],0x38     
                                        (0241) ENDIF
                                        (0242) 
                                        (0243)     ;-----------------------------------------------
                                        (0244)     ; Set Power-related Trim & the AGND Bypass bit.
                                        (0245)     ;-----------------------------------------------
                                        (0246) M8C_ClearWDTAndSleep ; Clear WDT before enabling it.
                                        (0247) IF ( SUPPLY_VOLTAGE )         ; 1 means 5.0V
                                        (0248)  IF ( AGND_BYPASS )
                                        (0249)     ;- - - - - - - - - - - - - - - - - - - - - - - - - - - - - - - - - - -
                                        (0250)     ; The 5V trim has already been set, but we need to update the AGNDBYP
                                        (0251)     ; bit in the write-only BDG_TR register. Recalculate the register
                                        (0252)     ; value using the proper trim values.
                                        (0253)     ;- - - - - - - - - - - - - - - - - - - - - - - - - - - - - - - - - - -
                                        (0254)     M8SSC_SetTableVoltageTrim 1, SSCTBL1_TRIM_BGR_5V, AGND_BYPASS_JUST
                                        (0255)  ENDIF
                                        (0256) ELSE    ; 3.3 V Operation, not 5.0V
                                        (0257)     M8SSC_SetTableTrims  1, SSCTBL1_TRIM_IMO_3V_24MHZ, SSCTBL1_TRIM_BGR_3V, AGND_BYPASS_JUST
                                        (0258) ENDIF ;(SUPPLY_VOLTAGE)
                                        (0259) 
007B: 55 F8 00 MOV   [0xF8],0x0         (0260)     mov  [bSSC_KEY1],  0           ; Lock out Flash and Supervisiory operations
007E: 55 F9 00 MOV   [0xF9],0x0         (0261)     mov  [bSSC_KEYSP], 0
0081: 71 10    OR    F,0x10             
                                        (0262) 
                                        (0263)     ;---------------------------------------
                                        (0264)     ; Initialize Crystal Oscillator and PLL
                                        (0265)     ;---------------------------------------
                                        (0266) 
                                        (0267) IF ( SELECT_32K & WAIT_FOR_32K )
                                        (0268)     ; If the user has requested the External Crystal Oscillator (ECO) then turn it
                                        (0269)     ; on and wait for it to stabilize and the system to switch over to it. The PLL
                                        (0270)     ; is left off. Set the SleepTimer period is set to 1 sec to time the wait for
                                        (0271)     ; the ECO to stabilize.
                                        (0272)     ;
                                        (0273)     M8C_SetBank1
                                        (0274)     mov   reg[OSC_CR0], (SELECT_32K_JUST | OSC_CR0_SLEEP_1Hz | OSC_CR0_CPU_12MHz)
                                        (0275)     M8C_SetBank0
                                        (0276)     M8C_ClearWDTAndSleep                  ; Reset the sleep timer to get a full second
                                        (0277)     or    reg[INT_MSK0], INT_MSK0_SLEEP   ; Enable latching of SleepTimer interrupt
                                        (0278)     mov   reg[INT_VC],   0                ; Clear all pending interrupts
                                        (0279) .WaitFor1s:
                                        (0280)     tst   reg[INT_CLR0], INT_MSK0_SLEEP   ; Test the SleepTimer Interrupt Status
                                        (0281)     jz   .WaitFor1s                       ; Interrupt will latch but will not dispatch
                                        (0282)                                           ;   since interrupts are not globally enabled
                                        (0283) ELSE ; !( SELECT_32K & WAIT_FOR_32K )
                                        (0284)     ; Either no ECO, or waiting for stable clock is to be done in main
                                        (0285)     M8C_SetBank1
0083: 62 E0 02 MOV   REG[0xE0],0x2      (0286)     mov   reg[OSC_CR0], (SELECT_32K_JUST | PLL_MODE_JUST | SLEEP_TIMER_JUST | OSC_CR0_CPU_12MHz)
0086: 70 EF    AND   F,0xEF             
0088: 62 E3 38 MOV   REG[0xE3],0x38     
                                        (0287)     M8C_SetBank0
                                        (0288)     M8C_ClearWDTAndSleep           ; Reset the watch dog
                                        (0289) 
                                        (0290) ENDIF ;( SELECT_32K & WAIT_FOR_32K )
                                        (0291) 
                                        (0292) IF ( PLL_MODE )
                                        (0293)     ; Crystal is now fully operational (assuming WAIT_FOR_32K was enabled).
                                        (0294)     ; Now start up PLL if selected, and wait 16 msec for it to stabilize.
                                        (0295)     ;
                                        (0296)     M8C_SetBank1
                                        (0297)     mov   reg[OSC_CR0], (SELECT_32K_JUST | PLL_MODE_JUST | OSC_CR0_SLEEP_64Hz | OSC_CR0_CPU_3MHz)
                                        (0298)     M8C_SetBank0
                                        (0299)     M8C_ClearWDTAndSleep                  ; Reset the sleep timer to get full period
                                        (0300)     mov   reg[INT_VC], 0                  ; Clear all pending interrupts
                                        (0301) 
                                        (0302) .WaitFor16ms:
                                        (0303)     tst   reg[INT_CLR0],INT_MSK0_SLEEP    ; Test the SleepTimer Interrupt Status
                                        (0304)     jz   .WaitFor16ms
                                        (0305)     M8C_SetBank1                          ; continue boot at CPU Speed of SYSCLK/2
                                        (0306)     mov   reg[OSC_CR0], (SELECT_32K_JUST | PLL_MODE_JUST | OSC_CR0_SLEEP_64Hz | OSC_CR0_CPU_12MHz)
                                        (0307)     M8C_SetBank0
                                        (0308) 
                                        (0309) IF      ( WAIT_FOR_32K )
                                        (0310) ELSE ; !( WAIT_FOR_32K )
                                        (0311)     ; Option settings (PLL-Yes, ECO-No) are incompatible - force a syntax error
                                        (0312)     ERROR_PSoC Disabling WAIT_FOR_32K requires that the PLL_Lock must be enabled in user code.
                                        (0313) ENDIF ;(WAIT_FOR_32K)
                                        (0314) ENDIF ;(PLL_MODE)
                                        (0315) 
                                        (0316) 	;-------------------------------------------------------
                                        (0317)     ; Initialize Proper Drive Mode for External Clock Pin
                                        (0318)     ;-------------------------------------------------------
                                        (0319) 
                                        (0320)     ; Change EXTCLK pin from Hi-Z Analog (110b) drive mode to Hi-Z (010b) drive mode
                                        (0321) 
                                        (0322) IF (SYSCLK_SOURCE)
                                        (0323)     and reg[PRT1DM2],  ~0x10        ; Clear bit 4 of EXTCLK pin's DM2 register 
                                        (0324) ENDIF
                                        (0325)     ; EXTCLK pin is now in proper drive mode to input the external clock signal
                                        (0326) 
                                        (0327)     ;------------------------
                                        (0328)     ; Close CT leakage path.
                                        (0329)     ;------------------------
008B: 62 71 05 MOV   REG[0x71],0x5      (0330)     mov   reg[ACB00CR0], 05h
008E: 62 75 05 MOV   REG[0x75],0x5      (0331)     mov   reg[ACB01CR0], 05h
0091: 62 79 05 MOV   REG[0x79],0x5      (0332)     mov   reg[ACB02CR0], 05h
0094: 62 7D 05 MOV   REG[0x7D],0x5      (0333)     mov   reg[ACB03CR0], 05h
                                        (0334) 
                                        (0335)     ;@PSoC_BOOT_LOADCFG_UserCode_START@
                                        (0336)     ;---------------------------------------------------
                                        (0337)     ; Insert your custom code below this banner
                                        (0338)     ;---------------------------------------------------
                                        (0339) 
                                        (0340)     ;---------------------------------------------------
                                        (0341)     ; Insert your custom code above this banner
                                        (0342)     ;---------------------------------------------------
                                        (0343)     ;@PSoC_BOOT_LOADCFG_UserCode_END@ 
                                        (0344) 
                                        (0345)     ;-------------------------
                                        (0346)     ; Load Base Configuration
                                        (0347)     ;-------------------------
                                        (0348)     ; Load global parameter settings and load the user modules in the
                                        (0349)     ; base configuration. Exceptions: (1) Leave CPU Speed fast as possible
                                        (0350)     ; to minimize start up time; (2) We may still need to play with the
                                        (0351)     ; Sleep Timer.
                                        (0352)     ;
0097: 7C 02 74 LCALL 0x0274             (0353)     lcall LoadConfigInit
                                        (0354) 
                                        (0355)     ;-----------------------------------
                                        (0356)     ; Initialize C Run-Time Environment
                                        (0357)     ;-----------------------------------
                                        (0358) IF ( C_LANGUAGE_SUPPORT )
009A: 50 00    MOV   A,0x0              (0359)     mov  A,0                           ; clear the 'bss' segment to zero
009C: 55 12 13 MOV   [__r0],0x13        (0360)     mov  [__r0],<__bss_start
                                        (0361) BssLoop:
009F: 3C 12 13 CMP   [__r0],0x13        (0362)     cmp  [__r0],<__bss_end
00A2: A0 05    JZ    0x00A8             (0363)     jz   BssDone
00A4: 3F 12    MVI   [__r0],A           (0364)     mvi  [__r0],A
00A6: 8F F8    JMP   0x009F             (0365)     jmp  BssLoop
                                        (0366) BssDone:
00A8: 50 01    MOV   A,0x1              (0367)     mov  A,>__idata_start              ; copy idata to data segment
00AA: 57 9E    MOV   X,0x9E             (0368)     mov  X,<__idata_start
00AC: 55 12 00 MOV   [__r0],0x0         (0369)     mov  [__r0],<__data_start
                                        (0370) IDataLoop:
00AF: 3C 12 11 CMP   [__r0],0x11        (0371)     cmp  [__r0],<__data_end
00B2: A0 0B    JZ    0x00BE             (0372)     jz   C_RTE_Done
00B4: 08       PUSH  A                  (0373)     push A
00B5: 28       ROMX                     (0374)     romx
00B6: 3F 12    MVI   [__r0],A           (0375)     mvi  [__r0],A
00B8: 18       POP   A                  (0376)     pop  A
00B9: 75       INC   X                  (0377)     inc  X
00BA: 09 00    ADC   A,0x0              (0378)     adc  A,0
00BC: 8F F2    JMP   0x00AF             (0379)     jmp  IDataLoop
00BE: 71 10    OR    F,0x10             
00C0: 70 EF    AND   F,0xEF             
                                        (0380) 
                                        (0381) C_RTE_Done:
                                        (0382) 
                                        (0383) ENDIF ; C_LANGUAGE_SUPPORT
                                        (0384) 
                                        (0385)     ;-------------------------------
                                        (0386)     ; Voltage Stabilization for SMP
                                        (0387)     ;-------------------------------
                                        (0388) 
                                        (0389) IF ( SUPPLY_VOLTAGE )                  ; 1 Means 5 Volts
                                        (0390) IF ( SWITCH_MODE_PUMP ^ 1 )            ; SMP is operational
                                        (0391)     ;- - - - - - - - - - - - - - - - - - - - - - - - - - - - - - - - - - -
                                        (0392)     ; When using the SMP at 5V, we must wait for Vdd to slew from 3.1V to
                                        (0393)     ; 5V before enabling the Precision Power-On Reset (PPOR).
                                        (0394)     ;- - - - - - - - - - - - - - - - - - - - - - - - - - - - - - - - - - -
                                        (0395)     or   reg[INT_MSK0],INT_MSK0_SLEEP
                                        (0396)     M8C_SetBank1
                                        (0397)     and   reg[OSC_CR0], ~OSC_CR0_SLEEP
                                        (0398)     or    reg[OSC_CR0],  OSC_CR0_SLEEP_512Hz
                                        (0399)     M8C_SetBank0
                                        (0400)     M8C_ClearWDTAndSleep                   ; Restart the sleep timer
                                        (0401)     mov   reg[INT_VC], 0                   ; Clear all pending interrupts
                                        (0402) .WaitFor2ms:
                                        (0403)     tst   reg[INT_CLR0], INT_MSK0_SLEEP    ; Test the SleepTimer Interrupt Status
                                        (0404)     jz   .WaitFor2ms                       ; Branch fails when 2 msec has passed
                                        (0405) ENDIF ; ( SWITCH_MODE_PUMP ^ 1 )
                                        (0406) ENDIF ; ( SUPPLY_VOLTAGE )
                                        (0407) 
                                        (0408)     ;-------------------------------
                                        (0409)     ; Set Power-On Reset (POR) Level
                                        (0410)     ;-------------------------------
                                        (0411)     ;  The writes to the VLT_CR register below include setting the POR to VLT_CR_POR_HIGH, 
                                        (0412)     ;  VLT_CR_POR_MID or VLT_CR_POR_LOW. Correctly setting this value is critical to the proper 
                                        (0413)     ;  operation of the PSoC. The POR protects the M8C from mis-executing when Vdd falls low. 
                                        (0414)     ;  These values should not be changed from the settings here. See Section "POR and LVD" of 
                                        (0415)     ;  Technical Reference Manual #001-14463 for more information.
                                        (0416) 
                                        (0417)     M8C_SetBank1
                                        (0418) 
                                        (0419) IF ( SUPPLY_VOLTAGE )                       ; 1 Means 5 Volts
                                        (0420)  IF ( CPU_CLOCK_JUST ^ OSC_CR0_CPU_24MHz )  ;    Also 24MHz?
                                        (0421)                                             ;       no, set 4.5V POR in user code, if desired
                                        (0422)  ELSE ; 24HMz                               ;
                                        (0423)     or    reg[VLT_CR],  VLT_CR_POR_HIGH     ;      yes, highest POR trip point required
                                        (0424)  ENDIF ; OSC_CRO_CPU_24MHz
                                        (0425) ENDIF ; 5V
                                        (0426) 
                                        (0427)     M8C_SetBank0
                                        (0428) 
                                        (0429)     ;----------------------------
                                        (0430)     ; Wrap up and invoke "main"
                                        (0431)     ;----------------------------
                                        (0432) 
                                        (0433)     ; Disable the Sleep interrupt that was used for timing above.  In fact,
                                        (0434)     ; no interrupts should be enabled now, so may as well clear the register.
                                        (0435)     ;
00C2: 62 E0 00 MOV   REG[0xE0],0x0      (0436)     mov  reg[INT_MSK0],0
00C5: 71 10    OR    F,0x10             
                                        (0437) 
                                        (0438)     ; Everything has started OK. Now select requested CPU & sleep frequency.
                                        (0439)     ;
                                        (0440)     M8C_SetBank1
00C7: 62 E0 00 MOV   REG[0xE0],0x0      (0441)     mov  reg[OSC_CR0],(SELECT_32K_JUST | PLL_MODE_JUST | SLEEP_TIMER_JUST | CPU_CLOCK_JUST)
00CA: 70 EF    AND   F,0xEF             
                                        (0442)     M8C_SetBank0
                                        (0443) 
                                        (0444)     ; Global Interrupt are NOT enabled, this should be done in main().
                                        (0445)     ; LVD is set but will not occur unless Global Interrupts are enabled.
                                        (0446)     ; Global Interrupts should be enabled as soon as possible in main().
                                        (0447)     ;
00CC: 62 E2 00 MOV   REG[0xE2],0x0      (0448)     mov  reg[INT_VC],0             ; Clear any pending interrupts which may
                                        (0449)                                    ; have been set during the boot process.
                                        (0450) IF	(TOOLCHAIN & HITECH)
                                        (0451) 	ljmp  startup                  ; Jump to C compiler startup code
                                        (0452) ELSE
                                        (0453) IF ENABLE_LJMP_TO_MAIN
                                        (0454)     ljmp  _main                    ; goto main (no return)
                                        (0455) ELSE
00CF: 7C 03 D9 LCALL _main              (0456)     lcall _main                    ; call main
                                        (0457) .Exit:
00D2: 8F FF    JMP   0x00D2             (0458)     jmp  .Exit                     ; Wait here after return till power-off or reset
                                        (0459) ENDIF
                                        (0460) ENDIF ; TOOLCHAIN
                                        (0461) 
                                        (0462)     ;---------------------------------
                                        (0463)     ; Library Access to Global Parms
                                        (0464)     ;---------------------------------
                                        (0465)     ;
                                        (0466)  bGetPowerSetting:
                                        (0467) _bGetPowerSetting:
                                        (0468)     ; Synthesize the "power setting" value used by chips with SlowIMO mode.
                                        (0469)     ; Returns value of POWER_SETTING in the A register.
                                        (0470)     ; No inputs. No Side Effects.
                                        (0471)     ;
                                        (0472) IF ( SUPPLY_VOLTAGE )            ; 1 means 5.0V
00D4: 50 10    MOV   A,0x10             (0473)     mov   A, POWER_SET_5V0_24MHZ   ; Supply & Internal Main Oscillator speed
                                        (0474) ELSE        
                                        (0475)     mov   A, POWER_SET_3V3_24MHZ   ; Supply & Internal Main Oscillator speed
                                        (0476) ENDIF
00D6: 7F       RET                      (0477)     ret
                                        (0478) 
                                        (0479) IF	(TOOLCHAIN & HITECH)
                                        (0480) ELSE
                                        (0481)     ;---------------------------------
                                        (0482)     ; Order Critical RAM & ROM AREAs
                                        (0483)     ;---------------------------------
                                        (0484)     ;  'TOP' is all that has been defined so far...
                                        (0485) 
                                        (0486)     ;  ROM AREAs for C CONST, static & global items
                                        (0487)     ;
                                        (0488)     AREA lit               (ROM, REL, CON, LIT)   ; 'const' definitions
                                        (0489)     AREA idata             (ROM, REL, CON, LIT)   ; Constants for initializing RAM
                                        (0490) __idata_start:
                                        (0491) 
                                        (0492)     AREA func_lit          (ROM, REL, CON, proclab)   ; Function Pointers
                                        (0493) __func_lit_start:
                                        (0494) 
                                        (0495)     AREA psoc_config       (ROM, REL, CON)   ; Configuration Load & Unload
                                        (0496)     AREA UserModules       (ROM, REL, CON)   ; User Module APIs
                                        (0497) 
                                        (0498)     ; CODE segment for general use
                                        (0499)     ;
                                        (0500)     AREA text (ROM, REL, CON)
                                        (0501) __text_start:
                                        (0502) 
                                        (0503)     ; RAM area usage
                                        (0504)     ;
                                        (0505)     AREA data              (RAM, REL, CON)   ; initialized RAM
                                        (0506) __data_start:
                                        (0507) 
                                        (0508)     AREA virtual_registers (RAM, REL, CON)   ; Temp vars of C compiler
                                        (0509)     AREA InterruptRAM      (RAM, REL, CON)   ; Interrupts, on Page 0
                                        (0510)     AREA bss               (RAM, REL, CON)   ; general use
                                        (0511) __bss_start:
                                        (0512) 
                                        (0513) ENDIF ; TOOLCHAIN
                                        (0514) 
                                        (0515) ; end of file boot.asm
FILE: lib\psocconfigtbl.asm             (0001) ;  Generated by PSoC Designer 5.4.2946
01AF: 70 EF    AND   F,0xEF             (0002) ;
                                        (0003) ; =============================================================================
                                        (0004) ; FILENAME: PSoCConfigTBL.asm
                                        (0005) ;  
                                        (0006) ; Copyright (c) Cypress Semiconductor 2013. All Rights Reserved.
                                        (0007) ;  
                                        (0008) ; NOTES:
                                        (0009) ; Do not modify this file. It is generated by PSoC Designer each time the
                                        (0010) ; generate application function is run. The values of the parameters in this
                                        (0011) ; file can be modified by changing the values of the global parameters in the
                                        (0012) ; device editor.
                                        (0013) ;  
                                        (0014) ; =============================================================================
                                        (0015)  
                                        (0016) include "m8c.inc"
                                        (0017) ;  Personalization tables 
                                        (0018) export LoadConfigTBL_displaylab_Bank1
                                        (0019) export LoadConfigTBL_displaylab_Bank0
                                        (0020) export LoadConfigTBL_displaylab_Ordered
                                        (0021) AREA lit(rom, rel)
                                        (0022) LoadConfigTBL_displaylab_Bank0:
                                        (0023) ;  Global Register values Bank 0
                                        (0024) 	db		60h, 28h		; AnalogColumnInputSelect register (AMX_IN)
                                        (0025) 	db		66h, 00h		; AnalogComparatorControl1 register (CMP_CR1)
                                        (0026) 	db		63h, 05h		; AnalogReferenceControl register (ARF_CR)
                                        (0027) 	db		65h, 00h		; AnalogSyncControl register (ASY_CR)
                                        (0028) 	db		e6h, 00h		; DecimatorControl_0 register (DEC_CR0)
                                        (0029) 	db		e7h, 00h		; DecimatorControl_1 register (DEC_CR1)
                                        (0030) 	db		d6h, 00h		; I2CConfig register (I2CCFG)
                                        (0031) 	db		b0h, 00h		; Row_0_InputMux register (RDI0RI)
                                        (0032) 	db		b1h, 00h		; Row_0_InputSync register (RDI0SYN)
                                        (0033) 	db		b2h, 00h		; Row_0_LogicInputAMux register (RDI0IS)
                                        (0034) 	db		b3h, 33h		; Row_0_LogicSelect_0 register (RDI0LT0)
                                        (0035) 	db		b4h, 33h		; Row_0_LogicSelect_1 register (RDI0LT1)
                                        (0036) 	db		b5h, 00h		; Row_0_OutputDrive_0 register (RDI0SRO0)
                                        (0037) 	db		b6h, 00h		; Row_0_OutputDrive_1 register (RDI0SRO1)
                                        (0038) 	db		b8h, 55h		; Row_1_InputMux register (RDI1RI)
                                        (0039) 	db		b9h, 00h		; Row_1_InputSync register (RDI1SYN)
                                        (0040) 	db		bah, 10h		; Row_1_LogicInputAMux register (RDI1IS)
                                        (0041) 	db		bbh, 33h		; Row_1_LogicSelect_0 register (RDI1LT0)
                                        (0042) 	db		bch, 33h		; Row_1_LogicSelect_1 register (RDI1LT1)
                                        (0043) 	db		bdh, 00h		; Row_1_OutputDrive_0 register (RDI1SRO0)
                                        (0044) 	db		beh, 00h		; Row_1_OutputDrive_1 register (RDI1SRO1)
                                        (0045) 	db		ffh
                                        (0046) LoadConfigTBL_displaylab_Bank1:
                                        (0047) ;  Global Register values Bank 1
                                        (0048) 	db		61h, 00h		; AnalogClockSelect1 register (CLK_CR1)
                                        (0049) 	db		69h, 00h		; AnalogClockSelect2 register (CLK_CR2)
                                        (0050) 	db		60h, 00h		; AnalogColumnClockSelect register (CLK_CR0)
                                        (0051) 	db		62h, 00h		; AnalogIOControl_0 register (ABF_CR0)
                                        (0052) 	db		67h, 33h		; AnalogLUTControl0 register (ALT_CR0)
                                        (0053) 	db		68h, 33h		; AnalogLUTControl1 register (ALT_CR1)
                                        (0054) 	db		63h, 00h		; AnalogModulatorControl_0 register (AMD_CR0)
                                        (0055) 	db		66h, 00h		; AnalogModulatorControl_1 register (AMD_CR1)
                                        (0056) 	db		d1h, 00h		; GlobalDigitalInterconnect_Drive_Even_Input register (GDI_E_IN)
                                        (0057) 	db		d3h, 00h		; GlobalDigitalInterconnect_Drive_Even_Output register (GDI_E_OU)
                                        (0058) 	db		d0h, 00h		; GlobalDigitalInterconnect_Drive_Odd_Input register (GDI_O_IN)
                                        (0059) 	db		d2h, 00h		; GlobalDigitalInterconnect_Drive_Odd_Output register (GDI_O_OU)
                                        (0060) 	db		e1h, ffh		; OscillatorControl_1 register (OSC_CR1)
                                        (0061) 	db		e2h, 00h		; OscillatorControl_2 register (OSC_CR2)
                                        (0062) 	db		dfh, ffh		; OscillatorControl_3 register (OSC_CR3)
                                        (0063) 	db		deh, 02h		; OscillatorControl_4 register (OSC_CR4)
                                        (0064) 	db		ddh, 00h		; OscillatorGlobalBusEnableControl register (OSC_GO_EN)
                                        (0065) 	db		ffh
                                        (0066) AREA psoc_config(rom, rel)
                                        (0067) LoadConfigTBL_displaylab_Ordered:
                                        (0068) ;  Ordered Global Register values
                                        (0069) 	M8C_SetBank0
01B1: 62 00 00 MOV   REG[0x0],0x0       (0070) 	mov	reg[00h], 00h		; Port_0_Data register (PRT0DR)
01B4: 71 10    OR    F,0x10             
                                        (0071) 	M8C_SetBank1
01B6: 62 00 00 MOV   REG[0x0],0x0       (0072) 	mov	reg[00h], 00h		; Port_0_DriveMode_0 register (PRT0DM0)
01B9: 62 01 FF MOV   REG[0x1],0xFF      (0073) 	mov	reg[01h], ffh		; Port_0_DriveMode_1 register (PRT0DM1)
01BC: 70 EF    AND   F,0xEF             
                                        (0074) 	M8C_SetBank0
01BE: 62 03 FF MOV   REG[0x3],0xFF      (0075) 	mov	reg[03h], ffh		; Port_0_DriveMode_2 register (PRT0DM2)
01C1: 62 02 00 MOV   REG[0x2],0x0       (0076) 	mov	reg[02h], 00h		; Port_0_GlobalSelect register (PRT0GS)
01C4: 71 10    OR    F,0x10             
                                        (0077) 	M8C_SetBank1
01C6: 62 02 00 MOV   REG[0x2],0x0       (0078) 	mov	reg[02h], 00h		; Port_0_IntCtrl_0 register (PRT0IC0)
01C9: 62 03 00 MOV   REG[0x3],0x0       (0079) 	mov	reg[03h], 00h		; Port_0_IntCtrl_1 register (PRT0IC1)
01CC: 70 EF    AND   F,0xEF             
                                        (0080) 	M8C_SetBank0
01CE: 62 01 00 MOV   REG[0x1],0x0       (0081) 	mov	reg[01h], 00h		; Port_0_IntEn register (PRT0IE)
01D1: 62 04 00 MOV   REG[0x4],0x0       (0082) 	mov	reg[04h], 00h		; Port_1_Data register (PRT1DR)
01D4: 71 10    OR    F,0x10             
                                        (0083) 	M8C_SetBank1
01D6: 62 04 00 MOV   REG[0x4],0x0       (0084) 	mov	reg[04h], 00h		; Port_1_DriveMode_0 register (PRT1DM0)
01D9: 62 05 EF MOV   REG[0x5],0xEF      (0085) 	mov	reg[05h], efh		; Port_1_DriveMode_1 register (PRT1DM1)
01DC: 70 EF    AND   F,0xEF             
                                        (0086) 	M8C_SetBank0
01DE: 62 07 EF MOV   REG[0x7],0xEF      (0087) 	mov	reg[07h], efh		; Port_1_DriveMode_2 register (PRT1DM2)
01E1: 62 06 00 MOV   REG[0x6],0x0       (0088) 	mov	reg[06h], 00h		; Port_1_GlobalSelect register (PRT1GS)
01E4: 71 10    OR    F,0x10             
                                        (0089) 	M8C_SetBank1
01E6: 62 06 00 MOV   REG[0x6],0x0       (0090) 	mov	reg[06h], 00h		; Port_1_IntCtrl_0 register (PRT1IC0)
01E9: 62 07 00 MOV   REG[0x7],0x0       (0091) 	mov	reg[07h], 00h		; Port_1_IntCtrl_1 register (PRT1IC1)
01EC: 70 EF    AND   F,0xEF             
                                        (0092) 	M8C_SetBank0
01EE: 62 05 00 MOV   REG[0x5],0x0       (0093) 	mov	reg[05h], 00h		; Port_1_IntEn register (PRT1IE)
01F1: 62 08 00 MOV   REG[0x8],0x0       (0094) 	mov	reg[08h], 00h		; Port_2_Data register (PRT2DR)
01F4: 71 10    OR    F,0x10             
                                        (0095) 	M8C_SetBank1
01F6: 62 08 FF MOV   REG[0x8],0xFF      (0096) 	mov	reg[08h], ffh		; Port_2_DriveMode_0 register (PRT2DM0)
01F9: 62 09 00 MOV   REG[0x9],0x0       (0097) 	mov	reg[09h], 00h		; Port_2_DriveMode_1 register (PRT2DM1)
01FC: 70 EF    AND   F,0xEF             
                                        (0098) 	M8C_SetBank0
01FE: 62 0B FF MOV   REG[0xB],0xFF      (0099) 	mov	reg[0bh], ffh		; Port_2_DriveMode_2 register (PRT2DM2)
0201: 62 0A 00 MOV   REG[0xA],0x0       (0100) 	mov	reg[0ah], 00h		; Port_2_GlobalSelect register (PRT2GS)
0204: 71 10    OR    F,0x10             
                                        (0101) 	M8C_SetBank1
0206: 62 0A 00 MOV   REG[0xA],0x0       (0102) 	mov	reg[0ah], 00h		; Port_2_IntCtrl_0 register (PRT2IC0)
0209: 62 0B 00 MOV   REG[0xB],0x0       (0103) 	mov	reg[0bh], 00h		; Port_2_IntCtrl_1 register (PRT2IC1)
020C: 70 EF    AND   F,0xEF             
                                        (0104) 	M8C_SetBank0
020E: 62 09 00 MOV   REG[0x9],0x0       (0105) 	mov	reg[09h], 00h		; Port_2_IntEn register (PRT2IE)
0211: 62 0C 00 MOV   REG[0xC],0x0       (0106) 	mov	reg[0ch], 00h		; Port_3_Data register (PRT3DR)
0214: 71 10    OR    F,0x10             
                                        (0107) 	M8C_SetBank1
0216: 62 0C 00 MOV   REG[0xC],0x0       (0108) 	mov	reg[0ch], 00h		; Port_3_DriveMode_0 register (PRT3DM0)
0219: 62 0D 00 MOV   REG[0xD],0x0       (0109) 	mov	reg[0dh], 00h		; Port_3_DriveMode_1 register (PRT3DM1)
021C: 70 EF    AND   F,0xEF             
                                        (0110) 	M8C_SetBank0
021E: 62 0F 00 MOV   REG[0xF],0x0       (0111) 	mov	reg[0fh], 00h		; Port_3_DriveMode_2 register (PRT3DM2)
0221: 62 0E 00 MOV   REG[0xE],0x0       (0112) 	mov	reg[0eh], 00h		; Port_3_GlobalSelect register (PRT3GS)
0224: 71 10    OR    F,0x10             
                                        (0113) 	M8C_SetBank1
0226: 62 0E 00 MOV   REG[0xE],0x0       (0114) 	mov	reg[0eh], 00h		; Port_3_IntCtrl_0 register (PRT3IC0)
0229: 62 0F 00 MOV   REG[0xF],0x0       (0115) 	mov	reg[0fh], 00h		; Port_3_IntCtrl_1 register (PRT3IC1)
022C: 70 EF    AND   F,0xEF             
                                        (0116) 	M8C_SetBank0
022E: 62 0D 00 MOV   REG[0xD],0x0       (0117) 	mov	reg[0dh], 00h		; Port_3_IntEn register (PRT3IE)
0231: 62 10 00 MOV   REG[0x10],0x0      (0118) 	mov	reg[10h], 00h		; Port_4_Data register (PRT4DR)
0234: 71 10    OR    F,0x10             
                                        (0119) 	M8C_SetBank1
0236: 62 10 00 MOV   REG[0x10],0x0      (0120) 	mov	reg[10h], 00h		; Port_4_DriveMode_0 register (PRT4DM0)
0239: 62 11 00 MOV   REG[0x11],0x0      (0121) 	mov	reg[11h], 00h		; Port_4_DriveMode_1 register (PRT4DM1)
023C: 70 EF    AND   F,0xEF             
                                        (0122) 	M8C_SetBank0
023E: 62 13 00 MOV   REG[0x13],0x0      (0123) 	mov	reg[13h], 00h		; Port_4_DriveMode_2 register (PRT4DM2)
0241: 62 12 00 MOV   REG[0x12],0x0      (0124) 	mov	reg[12h], 00h		; Port_4_GlobalSelect register (PRT4GS)
0244: 71 10    OR    F,0x10             
                                        (0125) 	M8C_SetBank1
0246: 62 12 00 MOV   REG[0x12],0x0      (0126) 	mov	reg[12h], 00h		; Port_4_IntCtrl_0 register (PRT4IC0)
0249: 62 13 00 MOV   REG[0x13],0x0      (0127) 	mov	reg[13h], 00h		; Port_4_IntCtrl_1 register (PRT4IC1)
024C: 70 EF    AND   F,0xEF             
                                        (0128) 	M8C_SetBank0
024E: 62 11 00 MOV   REG[0x11],0x0      (0129) 	mov	reg[11h], 00h		; Port_4_IntEn register (PRT4IE)
0251: 62 14 00 MOV   REG[0x14],0x0      (0130) 	mov	reg[14h], 00h		; Port_5_Data register (PRT5DR)
0254: 71 10    OR    F,0x10             
                                        (0131) 	M8C_SetBank1
0256: 62 14 00 MOV   REG[0x14],0x0      (0132) 	mov	reg[14h], 00h		; Port_5_DriveMode_0 register (PRT5DM0)
0259: 62 15 00 MOV   REG[0x15],0x0      (0133) 	mov	reg[15h], 00h		; Port_5_DriveMode_1 register (PRT5DM1)
025C: 70 EF    AND   F,0xEF             
                                        (0134) 	M8C_SetBank0
025E: 62 17 00 MOV   REG[0x17],0x0      (0135) 	mov	reg[17h], 00h		; Port_5_DriveMode_2 register (PRT5DM2)
0261: 62 16 00 MOV   REG[0x16],0x0      (0136) 	mov	reg[16h], 00h		; Port_5_GlobalSelect register (PRT5GS)
0264: 71 10    OR    F,0x10             
                                        (0137) 	M8C_SetBank1
0266: 62 16 00 MOV   REG[0x16],0x0      (0138) 	mov	reg[16h], 00h		; Port_5_IntCtrl_0 register (PRT5IC0)
0269: 62 17 00 MOV   REG[0x17],0x0      (0139) 	mov	reg[17h], 00h		; Port_5_IntCtrl_1 register (PRT5IC1)
026C: 70 EF    AND   F,0xEF             
                                        (0140) 	M8C_SetBank0
026E: 62 15 00 MOV   REG[0x15],0x0      (0141) 	mov	reg[15h], 00h		; Port_5_IntEn register (PRT5IE)
0271: 70 EF    AND   F,0xEF             
                                        (0142) 	M8C_SetBank0
0273: 7F       RET                      (0143) 	ret
                                        (0144) 
                                        (0145) 
                                        (0146) ; PSoC Configuration file trailer PsocConfig.asm
FILE: lib\psocconfig.asm                (0001) ;  Generated by PSoC Designer 5.4.2946
                                        (0002) ;
                                        (0003) ;==========================================================================
                                        (0004) ;  PSoCConfig.asm
                                        (0005) ;  @PSOC_VERSION
                                        (0006) ;
                                        (0007) ;  Version: 0.85
                                        (0008) ;  Revised: June 22, 2004
                                        (0009) ;  Copyright (c) Cypress Semiconductor 2013. All Rights Reserved.
                                        (0010) ;
                                        (0011) ;  This file is generated by the Device Editor on Application Generation.
                                        (0012) ;  It contains code which loads the configuration data table generated in
                                        (0013) ;  the file PSoCConfigTBL.asm
                                        (0014) ;
                                        (0015) ;  DO NOT EDIT THIS FILE MANUALLY, AS IT IS OVERWRITTEN!!!
                                        (0016) ;  Edits to this file will not be preserved.
                                        (0017) ;==========================================================================
                                        (0018) ;
                                        (0019) include "m8c.inc"
                                        (0020) include "memory.inc"
                                        (0021) include "GlobalParams.inc"
                                        (0022) 
                                        (0023) export LoadConfigInit
                                        (0024) export _LoadConfigInit
                                        (0025) export LoadConfig_displaylab
                                        (0026) export _LoadConfig_displaylab
                                        (0027) 
                                        (0028) export NO_SHADOW
                                        (0029) export _NO_SHADOW
                                        (0030) 
                                        (0031) FLAG_CFG_MASK:      equ 10h         ;M8C flag register REG address bit mask
                                        (0032) END_CONFIG_TABLE:   equ ffh         ;end of config table indicator
                                        (0033) 
                                        (0034) AREA psoc_config(rom, rel)
                                        (0035) 
                                        (0036) ;---------------------------------------------------------------------------
                                        (0037) ; LoadConfigInit - Establish the start-up configuration (except for a few
                                        (0038) ;                  parameters handled by boot code, like CPU speed). This
                                        (0039) ;                  function can be called from user code, but typically it
                                        (0040) ;                  is only called from boot.
                                        (0041) ;
                                        (0042) ;       INPUTS: None.
                                        (0043) ;      RETURNS: Nothing.
                                        (0044) ; SIDE EFFECTS: Registers are volatile: the A and X registers can be modified!
                                        (0045) ;               In the large memory model currently only the page
                                        (0046) ;               pointer registers listed below are modified.  This does
                                        (0047) ;               not guarantee that in future implementations of this
                                        (0048) ;               function other page pointer registers will not be
                                        (0049) ;               modified.
                                        (0050) ;          
                                        (0051) ;               Page Pointer Registers Modified: 
                                        (0052) ;               CUR_PP
                                        (0053) ;
                                        (0054) _LoadConfigInit:
                                        (0055)  LoadConfigInit:
                                        (0056)     RAM_PROLOGUE RAM_USE_CLASS_4
                                        (0057)     
0274: 7C 02 7B LCALL 0x027B             (0058) 	lcall	LoadConfig_displaylab
0277: 7C 01 AF LCALL 0x01AF             (0059) 	lcall	LoadConfigTBL_displaylab_Ordered
                                        (0060) 
                                        (0061) 
                                        (0062)     RAM_EPILOGUE RAM_USE_CLASS_4
027A: 7F       RET                      (0063)     ret
                                        (0064) 
                                        (0065) ;---------------------------------------------------------------------------
                                        (0066) ; Load Configuration displaylab
                                        (0067) ;
                                        (0068) ;    Load configuration registers for displaylab.
                                        (0069) ;    IO Bank 0 registers a loaded first,then those in IO Bank 1.
                                        (0070) ;
                                        (0071) ;       INPUTS: None.
                                        (0072) ;      RETURNS: Nothing.
                                        (0073) ; SIDE EFFECTS: Registers are volatile: the CPU A and X registers may be
                                        (0074) ;               modified as may the Page Pointer registers!
                                        (0075) ;               In the large memory model currently only the page
                                        (0076) ;               pointer registers listed below are modified.  This does
                                        (0077) ;               not guarantee that in future implementations of this
                                        (0078) ;               function other page pointer registers will not be
                                        (0079) ;               modified.
                                        (0080) ;          
                                        (0081) ;               Page Pointer Registers Modified: 
                                        (0082) ;               CUR_PP
                                        (0083) ;
                                        (0084) _LoadConfig_displaylab:
                                        (0085)  LoadConfig_displaylab:
                                        (0086)     RAM_PROLOGUE RAM_USE_CLASS_4
                                        (0087) 
027B: 10       PUSH  X                  (0088) 	push	x
027C: 70 EF    AND   F,0xEF             
                                        (0089)     M8C_SetBank0                    ; Force bank 0
027E: 50 00    MOV   A,0x0              (0090)     mov     a, 0                    ; Specify bank 0
0280: 67       ASR   A                  (0091)     asr     a                       ; Store in carry flag
                                        (0092)                                     ; Load bank 0 table:
0281: 50 01    MOV   A,0x1              (0093)     mov     A, >LoadConfigTBL_displaylab_Bank0
0283: 57 50    MOV   X,0x50             (0094)     mov     X, <LoadConfigTBL_displaylab_Bank0
0285: 7C 02 96 LCALL 0x0296             (0095)     lcall   LoadConfig              ; Load the bank 0 values
                                        (0096) 
0288: 50 01    MOV   A,0x1              (0097)     mov     a, 1                    ; Specify bank 1
028A: 67       ASR   A                  (0098)     asr     a                       ; Store in carry flag
                                        (0099)                                     ; Load bank 1 table:
028B: 50 01    MOV   A,0x1              (0100)     mov     A, >LoadConfigTBL_displaylab_Bank1
028D: 57 7B    MOV   X,0x7B             (0101)     mov     X, <LoadConfigTBL_displaylab_Bank1
028F: 7C 02 96 LCALL 0x0296             (0102)     lcall   LoadConfig              ; Load the bank 1 values
0292: 70 EF    AND   F,0xEF             
                                        (0103) 
                                        (0104)     M8C_SetBank0                    ; Force return to bank 0
0294: 20       POP   X                  (0105) 	pop		x
                                        (0106) 
                                        (0107)     RAM_EPILOGUE RAM_USE_CLASS_4
0295: 7F       RET                      (0108)     ret
                                        (0109) 
                                        (0110) 
                                        (0111) 
                                        (0112) 
                                        (0113) ;---------------------------------------------------------------------------
                                        (0114) ; LoadConfig - Set IO registers as specified in ROM table of (address,value)
                                        (0115) ;              pairs. Terminate on address=0xFF.
                                        (0116) ;
                                        (0117) ;  INPUTS:  [A,X] points to the table to be loaded
                                        (0118) ;           Flag Register Carry bit encodes the Register Bank
                                        (0119) ;           (Carry=0 => Bank 0; Carry=1 => Bank 1)
                                        (0120) ;
                                        (0121) ;  RETURNS: nothing.
                                        (0122) ;
                                        (0123) ;  STACK FRAME:  X-4 I/O Bank 0/1 indicator
                                        (0124) ;                X-3 Temporary store for register address
                                        (0125) ;                X-2 LSB of config table address
                                        (0126) ;                X-1 MSB of config table address
                                        (0127) ;
                                        (0128) LoadConfig:
                                        (0129)     RAM_PROLOGUE RAM_USE_CLASS_2
0296: 38 02    ADD   SP,0x2             (0130)     add     SP, 2                   ; Set up local vars
0298: 10       PUSH  X                  (0131)     push    X                       ; Save config table address on stack
0299: 08       PUSH  A                  (0132)     push    A
029A: 4F       MOV   X,SP               (0133)     mov     X, SP
029B: 56 FC 00 MOV   [X-4],0x0          (0134)     mov     [X-4], 0                ; Set default Destination to Bank 0
029E: D0 04    JNC   0x02A3             (0135)     jnc     .BankSelectSaved        ; Carry says Bank 0 is OK
02A0: 56 FC 01 MOV   [X-4],0x1          (0136)     mov     [X-4], 1                ; No Carry: default to Bank 1
                                        (0137) .BankSelectSaved:
02A3: 18       POP   A                  (0138)     pop     A
02A4: 20       POP   X                  (0139)     pop     X
02A5: 70 EF    AND   F,0xEF             
02A7: 62 E3 00 MOV   REG[0xE3],0x0      
                                        (0140) 
                                        (0141) LoadConfigLp:
                                        (0142)     M8C_SetBank0                    ; Switch to bank 0
                                        (0143)     M8C_ClearWDT                    ; Clear the watchdog for long inits
02AA: 10       PUSH  X                  (0144)     push    X                       ; Preserve the config table address
02AB: 08       PUSH  A                  (0145)     push    A
02AC: 28       ROMX                     (0146)     romx                            ; Load register address from table
02AD: 39 FF    CMP   A,0xFF             (0147)     cmp     A, END_CONFIG_TABLE     ; End of table?
02AF: A0 1F    JZ    0x02CF             (0148)     jz      EndLoadConfig           ;   Yes, go wrap it up
02B1: 4F       MOV   X,SP               (0149)     mov     X, SP                   ;
02B2: 48 FC 01 TST   [X-4],0x1          (0150)     tst     [X-4], 1                ; Loading IO Bank 1?
02B5: A0 03    JZ    0x02B9             (0151)     jz      .IOBankNowSet           ;    No, Bank 0 is fine
02B7: 71 10    OR    F,0x10             
                                        (0152)     M8C_SetBank1                    ;   Yes, switch to Bank 1
                                        (0153) .IOBankNowSet:
02B9: 54 FD    MOV   [X-3],A            (0154)     mov     [X-3], A                ; Stash the register address
02BB: 18       POP   A                  (0155)     pop     A                       ; Retrieve the table address
02BC: 20       POP   X                  (0156)     pop     X
02BD: 75       INC   X                  (0157)     inc     X                       ; Advance to the data byte
02BE: 09 00    ADC   A,0x0              (0158)     adc     A, 0
02C0: 10       PUSH  X                  (0159)     push    X                       ; Save the config table address again
02C1: 08       PUSH  A                  (0160)     push    A
02C2: 28       ROMX                     (0161)     romx                            ; load config data from the table
02C3: 4F       MOV   X,SP               (0162)     mov     X, SP                   ; retrieve the register address
02C4: 59 FD    MOV   X,[X-3]            (0163)     mov     X, [X-3]
02C6: 61 00    MOV   REG[X+0x0],A       (0164)     mov     reg[X], A               ; Configure the register
02C8: 18       POP   A                  (0165)     pop     A                       ; retrieve the table address
02C9: 20       POP   X                  (0166)     pop     X
02CA: 75       INC   X                  (0167)     inc     X                       ; advance to next table entry
02CB: 09 00    ADC   A,0x0              (0168)     adc     A, 0
02CD: 8F D7    JMP   0x02A5             (0169)     jmp     LoadConfigLp            ; loop to configure another register
                                        (0170) EndLoadConfig:
02CF: 38 FC    ADD   SP,0xFC            (0171)     add     SP, -4
                                        (0172)     RAM_EPILOGUE RAM_USE_CLASS_2
02D1: 7F       RET                      (0173)     ret
                                        (0174) 
                                        (0175) AREA InterruptRAM(ram, rel)
                                        (0176) 
                                        (0177) NO_SHADOW:
                                        (0178) _NO_SHADOW:
FILE: D:\DOCUME~1\PSOCDE~1.4PR\DISPLA~1\DISPLA~1\main.c
(0001) //----------------------------------------------------------------------------
(0002) // C main line
(0003) //----------------------------------------------------------------------------
(0004) 
(0005) #include <m8c.h>        // part specific constants and macros
(0006) #include "PSoCAPI.h"    // PSoC API definitions for all User Modules
(0007) 
(0008) #define SHORT_DELAY 5
(0009) #define RETURN_DELAY 1000
(0010) #define SEND_DELAY 10
(0011) #define DISPLAY_LENGTH 16
(0012) 
(0013) 
(0014) void setDataLines(unsigned char data) {
_setDataLines|__text_start|_setDataLines:
  data                 --> X-4
    02D2: 10       PUSH  X
    02D3: 4F       MOV   X,SP
(0015) 	PRT2DR &= 0x0F;
    02D4: 41 08 0F AND   REG[0x8],0xF
(0016) 	PRT2DR |= data << 4;
    02D7: 52 FC    MOV   A,[X-4]
    02D9: 64       ASL   A
    02DA: 64       ASL   A
    02DB: 64       ASL   A
    02DC: 64       ASL   A
    02DD: 53 12    MOV   [__r0],A
    02DF: 5D 08    MOV   A,REG[0x8]
    02E1: 2A 12    OR    A,[__r0]
    02E3: 60 08    MOV   REG[0x8],A
    02E5: 20       POP   X
    02E6: 7F       RET   
(0017) }
(0018) 
(0019) void setE(void) {
(0020) 	PRT2DR |= 0x08;
_setE:
    02E7: 43 08 08 OR    REG[0x8],0x8
    02EA: 7F       RET   
(0021) }
(0022) 
(0023) void clearE(void) {
(0024) 	PRT2DR &= 0xF7;
_clearE:
    02EB: 41 08 F7 AND   REG[0x8],0xF7
    02EE: 7F       RET   
(0025) }
(0026) 
(0027) void setRs(void) {
(0028) 	PRT2DR |= 0x04;
_setRs:
    02EF: 43 08 04 OR    REG[0x8],0x4
    02F2: 7F       RET   
(0029) }
(0030) 
(0031) void clearRs(void) {
(0032) 	PRT2DR &= 0xFB;
_clearRs:
    02F3: 41 08 FB AND   REG[0x8],0xFB
    02F6: 7F       RET   
(0033) }
(0034) 
(0035) void delay(unsigned int loops) {
_delay:
  i                    --> X+0
  loops                --> X-5
    02F7: 10       PUSH  X
    02F8: 4F       MOV   X,SP
    02F9: 38 02    ADD   SP,0x2
(0036) 	//volatile ensures that the loop will be executed, there will be no optimisation on the operation below
(0037) 	volatile int i; 
(0038) 	
(0039) 	for (i = 0; i < loops; i++);
    02FB: 56 01 00 MOV   [X+1],0x0
    02FE: 56 00 00 MOV   [X+0],0x0
    0301: 80 06    JMP   0x0308
    0303: 77 01    INC   [X+1]
    0305: 0F 00 00 ADC   [X+0],0x0
    0308: 52 01    MOV   A,[X+1]
    030A: 13 FC    SUB   A,[X-4]
    030C: 52 00    MOV   A,[X+0]
    030E: 1B FB    SBB   A,[X-5]
    0310: CF F2    JC    0x0303
    0312: 38 FE    ADD   SP,0xFE
    0314: 20       POP   X
    0315: 7F       RET   
(0040) }
(0041) 
(0042) void sendByte(unsigned char myByte, BOOL isData) {
_sendByte:
  isData               --> X-5
  myByte               --> X-4
    0316: 10       PUSH  X
    0317: 4F       MOV   X,SP
(0043) 	if (isData) {
    0318: 3D FB 00 CMP   [X-5],0x0
    031B: A0 05    JZ    0x0321
(0044) 		setRs();	
    031D: 9F D0    CALL  _setRs
(0045) 	} else {
    031F: 80 03    JMP   0x0323
(0046) 		clearRs();
    0321: 9F D0    CALL  _clearRs
(0047) 	}
(0048) 	
(0049) 	setE();
    0323: 9F C2    CALL  _setE
(0050) 	setDataLines(myByte >> 4);
    0325: 52 FC    MOV   A,[X-4]
    0327: 67       ASR   A
    0328: 67       ASR   A
    0329: 67       ASR   A
    032A: 67       ASR   A
    032B: 21 0F    AND   A,0xF
    032D: 08       PUSH  A
    032E: 9F A2    CALL  _setDataLines|__text_start|_setDataLines
(0051) 	delay(SHORT_DELAY);
    0330: 50 00    MOV   A,0x0
    0332: 08       PUSH  A
    0333: 50 05    MOV   A,0x5
    0335: 08       PUSH  A
    0336: 9F BF    CALL  _delay
    0338: 38 FD    ADD   SP,0xFD
(0052) 	clearE();
    033A: 9F AF    CALL  _clearE
(0053) 	
(0054) 	delay(SHORT_DELAY);
    033C: 50 00    MOV   A,0x0
    033E: 08       PUSH  A
    033F: 50 05    MOV   A,0x5
    0341: 08       PUSH  A
    0342: 9F B3    CALL  _delay
(0055) 	
(0056) 	setE();
    0344: 9F A1    CALL  _setE
(0057) 	setDataLines(myByte & 0x0F);
    0346: 52 FC    MOV   A,[X-4]
    0348: 21 0F    AND   A,0xF
    034A: 08       PUSH  A
    034B: 9F 85    CALL  _setDataLines|__text_start|_setDataLines
    034D: 38 FD    ADD   SP,0xFD
(0058) 	delay(SHORT_DELAY);
    034F: 50 00    MOV   A,0x0
    0351: 08       PUSH  A
    0352: 50 05    MOV   A,0x5
    0354: 08       PUSH  A
    0355: 9F A0    CALL  _delay
(0059) 	clearE();
    0357: 9F 92    CALL  _clearE
(0060) 	
(0061) 	delay(SEND_DELAY);
    0359: 50 00    MOV   A,0x0
    035B: 08       PUSH  A
    035C: 50 0A    MOV   A,0xA
    035E: 08       PUSH  A
    035F: 9F 96    CALL  _delay
    0361: 38 FC    ADD   SP,0xFC
    0363: 20       POP   X
    0364: 7F       RET   
(0062) 	
(0063) }
(0064) 
(0065) void returnHome(void) {
(0066) 	sendByte(0x02, FALSE);
_returnHome:
    0365: 50 00    MOV   A,0x0
    0367: 08       PUSH  A
    0368: 50 02    MOV   A,0x2
    036A: 08       PUSH  A
    036B: 9F A9    CALL  _sendByte
(0067) 	delay(RETURN_DELAY);
    036D: 50 03    MOV   A,0x3
    036F: 08       PUSH  A
    0370: 50 E8    MOV   A,0xE8
    0372: 08       PUSH  A
    0373: 9F 82    CALL  _delay
    0375: 38 FC    ADD   SP,0xFC
    0377: 7F       RET   
(0068) }
(0069) 
(0070) void modeSet(BOOL increment, BOOL scroll) {
_modeSet:
  byteToSend           --> X+0
  scroll               --> X-5
  increment            --> X-4
    0378: 10       PUSH  X
    0379: 4F       MOV   X,SP
    037A: 38 01    ADD   SP,0x1
(0071) 	unsigned char byteToSend = 0x04; 
    037C: 56 00 04 MOV   [X+0],0x4
(0072) 	
(0073) 	if (increment) {
    037F: 3D FC 00 CMP   [X-4],0x0
    0382: A0 04    JZ    0x0387
(0074) 		byteToSend |= 0x02;
    0384: 2F 00 02 OR    [X+0],0x2
(0075) 	} 
(0076) 	
(0077) 	if (scroll) {
    0387: 3D FB 00 CMP   [X-5],0x0
    038A: A0 04    JZ    0x038F
(0078) 		byteToSend |= 0x01;
    038C: 2F 00 01 OR    [X+0],0x1
(0079) 	}
(0080) 	
(0081) 	sendByte(byteToSend, FALSE);
    038F: 50 00    MOV   A,0x0
    0391: 08       PUSH  A
    0392: 52 00    MOV   A,[X+0]
    0394: 08       PUSH  A
    0395: 9F 7F    CALL  _sendByte
    0397: 38 FE    ADD   SP,0xFE
    0399: 38 FF    ADD   SP,0xFF
    039B: 20       POP   X
    039C: 7F       RET   
(0082) 		
(0083) }
(0084) 
(0085) char displayBuffer[DISPLAY_LENGTH + 1] = {'E', 'W', 'A', ' ', 'L', 'I', 'P', 'I', 'N', 'S', 'K', 'A', ' ', ' ', ' ', ' ', (char )0};
(0086) 
(0087) void refreshDisplay(void) {
_refreshDisplay:
  i                    --> X+0
    039D: 10       PUSH  X
    039E: 4F       MOV   X,SP
    039F: 38 02    ADD   SP,0x2
(0088) 	int i;
(0089) 	
(0090) 	returnHome();
    03A1: 9F C2    CALL  _returnHome
(0091) 	for (i = 0; i < DISPLAY_LENGTH; i++) {
    03A3: 56 01 00 MOV   [X+1],0x0
    03A6: 56 00 00 MOV   [X+0],0x0
(0092) 		sendByte(displayBuffer[i], TRUE);
    03A9: 50 01    MOV   A,0x1
    03AB: 08       PUSH  A
    03AC: 52 01    MOV   A,[X+1]
    03AE: 01 00    ADD   A,0x0
    03B0: 53 11    MOV   [__r1],A
    03B2: 3E 11    MVI   A,[__r1]
    03B4: 08       PUSH  A
    03B5: 9F 5F    CALL  _sendByte
    03B7: 38 FE    ADD   SP,0xFE
(0093) 	}
    03B9: 77 01    INC   [X+1]
    03BB: 0F 00 00 ADC   [X+0],0x0
    03BE: 52 01    MOV   A,[X+1]
    03C0: 11 10    SUB   A,0x10
    03C2: 52 00    MOV   A,[X+0]
    03C4: 31 80    XOR   A,0x80
    03C6: 19 80    SBB   A,0x80
    03C8: CF E0    JC    0x03A9
    03CA: 38 FE    ADD   SP,0xFE
    03CC: 20       POP   X
    03CD: 7F       RET   
(0094) 	
(0095) }
(0096) 
(0097) void initDisplay(void) {
(0098) 	modeSet(TRUE, FALSE);
_initDisplay:
    03CE: 50 00    MOV   A,0x0
    03D0: 08       PUSH  A
    03D1: 50 01    MOV   A,0x1
    03D3: 08       PUSH  A
    03D4: 9F A2    CALL  _modeSet
    03D6: 38 FE    ADD   SP,0xFE
    03D8: 7F       RET   
(0099) 	
(0100) }
(0101) 
(0102) void main(void)
(0103) {
(0104) 	// M8C_EnableGInt ; // Uncomment this line to enable Global Interrupts
(0105) 	// Insert your main routine code here.
(0106) 	
(0107) 	initDisplay();
_main:
    03D9: 9F F3    CALL  _initDisplay
    03DB: 80 0D    JMP   0x03E9
(0108) 	
(0109) 	while (1) {
(0110) 		refreshDisplay();
    03DD: 9F BE    CALL  _refreshDisplay
(0111) 		delay(10000);
    03DF: 50 27    MOV   A,0x27
    03E1: 08       PUSH  A
    03E2: 50 10    MOV   A,0x10
    03E4: 08       PUSH  A
    03E5: 9F 10    CALL  _delay
    03E7: 38 FE    ADD   SP,0xFE
(0112) 	}
    03E9: 8F F3    JMP   0x03DD
(0113) 	
(0114) 	
(0115) 	
(0116) }
    03EB: 8F FF    JMP   0x03EB
